CRITICAL - 2022-01-15 04:37:01 --> strpos() expects parameter 1 to be string, object given
#0 [internal function]: CodeIgniter\Debug\Exceptions->errorHandler(2, 'strpos() expect...', '/Users/thomasca...', 728, Array)
#1 /Users/thomascariot/Sites/codeigniter4/system/Email/Email.php(728): strpos(Object(App\Models\Mail), ',')
#2 /Users/thomascariot/Sites/codeigniter4/system/Email/Email.php(541): CodeIgniter\Email\Email->stringToArray(Object(App\Models\Mail))
#3 /Users/thomascariot/Sites/codeigniter4/app/Models/Mail.php(14): CodeIgniter\Email\Email->setTo(Object(App\Models\Mail))
#4 /Users/thomascariot/Sites/codeigniter4/app/Controllers/Home.php(24): App\Models\Mail->sendMail(Object(App\Models\Mail), 'https://www.ori...')
#5 /Users/thomascariot/Sites/codeigniter4/system/CodeIgniter.php(824): App\Controllers\Home->index()
#6 /Users/thomascariot/Sites/codeigniter4/system/CodeIgniter.php(410): CodeIgniter\CodeIgniter->runController(Object(App\Controllers\Home))
#7 /Users/thomascariot/Sites/codeigniter4/system/CodeIgniter.php(318): CodeIgniter\CodeIgniter->handleRequest(NULL, Object(Config\Cache), false)
#8 /Users/thomascariot/Sites/codeigniter4/public/index.php(37): CodeIgniter\CodeIgniter->run()
#9 /Users/thomascariot/Sites/codeigniter4/system/Commands/Server/rewrite.php(43): require_once('/Users/thomasca...')
#10 {main}
CRITICAL - 2022-01-15 04:42:43 --> syntax error, unexpected '$path' (T_VARIABLE)
#0 /Users/thomascariot/Sites/codeigniter4/system/Autoloader/Autoloader.php(241): CodeIgniter\Autoloader\Autoloader->includeFile('/Users/thomasca...')
#1 /Users/thomascariot/Sites/codeigniter4/system/Autoloader/Autoloader.php(219): CodeIgniter\Autoloader\Autoloader->loadInNamespace('App\\Controllers...')
#2 [internal function]: CodeIgniter\Autoloader\Autoloader->loadClass('App\\Controllers...')
#3 [internal function]: spl_autoload_call('App\\Controllers...')
#4 /Users/thomascariot/Sites/codeigniter4/system/CodeIgniter.php(789): class_exists('\\App\\Controller...', true)
#5 /Users/thomascariot/Sites/codeigniter4/system/CodeIgniter.php(397): CodeIgniter\CodeIgniter->startController()
#6 /Users/thomascariot/Sites/codeigniter4/system/CodeIgniter.php(318): CodeIgniter\CodeIgniter->handleRequest(NULL, Object(Config\Cache), false)
#7 /Users/thomascariot/Sites/codeigniter4/public/index.php(37): CodeIgniter\CodeIgniter->run()
#8 /Users/thomascariot/Sites/codeigniter4/system/Commands/Server/rewrite.php(43): require_once('/Users/thomasca...')
#9 {main}
CRITICAL - 2022-01-15 04:42:45 --> syntax error, unexpected '$path' (T_VARIABLE)
#0 /Users/thomascariot/Sites/codeigniter4/system/Autoloader/Autoloader.php(241): CodeIgniter\Autoloader\Autoloader->includeFile('/Users/thomasca...')
#1 /Users/thomascariot/Sites/codeigniter4/system/Autoloader/Autoloader.php(219): CodeIgniter\Autoloader\Autoloader->loadInNamespace('App\\Controllers...')
#2 [internal function]: CodeIgniter\Autoloader\Autoloader->loadClass('App\\Controllers...')
#3 [internal function]: spl_autoload_call('App\\Controllers...')
#4 /Users/thomascariot/Sites/codeigniter4/system/CodeIgniter.php(789): class_exists('\\App\\Controller...', true)
#5 /Users/thomascariot/Sites/codeigniter4/system/CodeIgniter.php(397): CodeIgniter\CodeIgniter->startController()
#6 /Users/thomascariot/Sites/codeigniter4/system/CodeIgniter.php(318): CodeIgniter\CodeIgniter->handleRequest(NULL, Object(Config\Cache), false)
#7 /Users/thomascariot/Sites/codeigniter4/public/index.php(37): CodeIgniter\CodeIgniter->run()
#8 /Users/thomascariot/Sites/codeigniter4/system/Commands/Server/rewrite.php(43): require_once('/Users/thomasca...')
#9 {main}
CRITICAL - 2022-01-15 04:43:03 --> syntax error, unexpected '$path' (T_VARIABLE)
#0 /Users/thomascariot/Sites/codeigniter4/system/Autoloader/Autoloader.php(241): CodeIgniter\Autoloader\Autoloader->includeFile('/Users/thomasca...')
#1 /Users/thomascariot/Sites/codeigniter4/system/Autoloader/Autoloader.php(219): CodeIgniter\Autoloader\Autoloader->loadInNamespace('App\\Controllers...')
#2 [internal function]: CodeIgniter\Autoloader\Autoloader->loadClass('App\\Controllers...')
#3 [internal function]: spl_autoload_call('App\\Controllers...')
#4 /Users/thomascariot/Sites/codeigniter4/system/CodeIgniter.php(789): class_exists('\\App\\Controller...', true)
#5 /Users/thomascariot/Sites/codeigniter4/system/CodeIgniter.php(397): CodeIgniter\CodeIgniter->startController()
#6 /Users/thomascariot/Sites/codeigniter4/system/CodeIgniter.php(318): CodeIgniter\CodeIgniter->handleRequest(NULL, Object(Config\Cache), false)
#7 /Users/thomascariot/Sites/codeigniter4/public/index.php(37): CodeIgniter\CodeIgniter->run()
#8 /Users/thomascariot/Sites/codeigniter4/system/Commands/Server/rewrite.php(43): require_once('/Users/thomasca...')
#9 {main}
CRITICAL - 2022-01-15 04:43:04 --> syntax error, unexpected '$path' (T_VARIABLE)
#0 /Users/thomascariot/Sites/codeigniter4/system/Autoloader/Autoloader.php(241): CodeIgniter\Autoloader\Autoloader->includeFile('/Users/thomasca...')
#1 /Users/thomascariot/Sites/codeigniter4/system/Autoloader/Autoloader.php(219): CodeIgniter\Autoloader\Autoloader->loadInNamespace('App\\Controllers...')
#2 [internal function]: CodeIgniter\Autoloader\Autoloader->loadClass('App\\Controllers...')
#3 [internal function]: spl_autoload_call('App\\Controllers...')
#4 /Users/thomascariot/Sites/codeigniter4/system/CodeIgniter.php(789): class_exists('\\App\\Controller...', true)
#5 /Users/thomascariot/Sites/codeigniter4/system/CodeIgniter.php(397): CodeIgniter\CodeIgniter->startController()
#6 /Users/thomascariot/Sites/codeigniter4/system/CodeIgniter.php(318): CodeIgniter\CodeIgniter->handleRequest(NULL, Object(Config\Cache), false)
#7 /Users/thomascariot/Sites/codeigniter4/public/index.php(37): CodeIgniter\CodeIgniter->run()
#8 /Users/thomascariot/Sites/codeigniter4/system/Commands/Server/rewrite.php(43): require_once('/Users/thomasca...')
#9 {main}
CRITICAL - 2022-01-15 04:43:07 --> syntax error, unexpected '$path' (T_VARIABLE)
#0 /Users/thomascariot/Sites/codeigniter4/system/Autoloader/Autoloader.php(241): CodeIgniter\Autoloader\Autoloader->includeFile('/Users/thomasca...')
#1 /Users/thomascariot/Sites/codeigniter4/system/Autoloader/Autoloader.php(219): CodeIgniter\Autoloader\Autoloader->loadInNamespace('App\\Controllers...')
#2 [internal function]: CodeIgniter\Autoloader\Autoloader->loadClass('App\\Controllers...')
#3 [internal function]: spl_autoload_call('App\\Controllers...')
#4 /Users/thomascariot/Sites/codeigniter4/system/CodeIgniter.php(789): class_exists('\\App\\Controller...', true)
#5 /Users/thomascariot/Sites/codeigniter4/system/CodeIgniter.php(397): CodeIgniter\CodeIgniter->startController()
#6 /Users/thomascariot/Sites/codeigniter4/system/CodeIgniter.php(318): CodeIgniter\CodeIgniter->handleRequest(NULL, Object(Config\Cache), false)
#7 /Users/thomascariot/Sites/codeigniter4/public/index.php(37): CodeIgniter\CodeIgniter->run()
#8 /Users/thomascariot/Sites/codeigniter4/system/Commands/Server/rewrite.php(43): require_once('/Users/thomasca...')
#9 {main}
CRITICAL - 2022-01-15 04:43:07 --> syntax error, unexpected '$path' (T_VARIABLE)
#0 /Users/thomascariot/Sites/codeigniter4/system/Autoloader/Autoloader.php(241): CodeIgniter\Autoloader\Autoloader->includeFile('/Users/thomasca...')
#1 /Users/thomascariot/Sites/codeigniter4/system/Autoloader/Autoloader.php(219): CodeIgniter\Autoloader\Autoloader->loadInNamespace('App\\Controllers...')
#2 [internal function]: CodeIgniter\Autoloader\Autoloader->loadClass('App\\Controllers...')
#3 [internal function]: spl_autoload_call('App\\Controllers...')
#4 /Users/thomascariot/Sites/codeigniter4/system/CodeIgniter.php(789): class_exists('\\App\\Controller...', true)
#5 /Users/thomascariot/Sites/codeigniter4/system/CodeIgniter.php(397): CodeIgniter\CodeIgniter->startController()
#6 /Users/thomascariot/Sites/codeigniter4/system/CodeIgniter.php(318): CodeIgniter\CodeIgniter->handleRequest(NULL, Object(Config\Cache), false)
#7 /Users/thomascariot/Sites/codeigniter4/public/index.php(37): CodeIgniter\CodeIgniter->run()
#8 /Users/thomascariot/Sites/codeigniter4/system/Commands/Server/rewrite.php(43): require_once('/Users/thomasca...')
#9 {main}
CRITICAL - 2022-01-15 04:43:07 --> syntax error, unexpected '$path' (T_VARIABLE)
#0 /Users/thomascariot/Sites/codeigniter4/system/Autoloader/Autoloader.php(241): CodeIgniter\Autoloader\Autoloader->includeFile('/Users/thomasca...')
#1 /Users/thomascariot/Sites/codeigniter4/system/Autoloader/Autoloader.php(219): CodeIgniter\Autoloader\Autoloader->loadInNamespace('App\\Controllers...')
#2 [internal function]: CodeIgniter\Autoloader\Autoloader->loadClass('App\\Controllers...')
#3 [internal function]: spl_autoload_call('App\\Controllers...')
#4 /Users/thomascariot/Sites/codeigniter4/system/CodeIgniter.php(789): class_exists('\\App\\Controller...', true)
#5 /Users/thomascariot/Sites/codeigniter4/system/CodeIgniter.php(397): CodeIgniter\CodeIgniter->startController()
#6 /Users/thomascariot/Sites/codeigniter4/system/CodeIgniter.php(318): CodeIgniter\CodeIgniter->handleRequest(NULL, Object(Config\Cache), false)
#7 /Users/thomascariot/Sites/codeigniter4/public/index.php(37): CodeIgniter\CodeIgniter->run()
#8 /Users/thomascariot/Sites/codeigniter4/system/Commands/Server/rewrite.php(43): require_once('/Users/thomasca...')
#9 {main}
CRITICAL - 2022-01-15 04:43:09 --> syntax error, unexpected '$path' (T_VARIABLE)
#0 /Users/thomascariot/Sites/codeigniter4/system/Autoloader/Autoloader.php(241): CodeIgniter\Autoloader\Autoloader->includeFile('/Users/thomasca...')
#1 /Users/thomascariot/Sites/codeigniter4/system/Autoloader/Autoloader.php(219): CodeIgniter\Autoloader\Autoloader->loadInNamespace('App\\Controllers...')
#2 [internal function]: CodeIgniter\Autoloader\Autoloader->loadClass('App\\Controllers...')
#3 [internal function]: spl_autoload_call('App\\Controllers...')
#4 /Users/thomascariot/Sites/codeigniter4/system/CodeIgniter.php(789): class_exists('\\App\\Controller...', true)
#5 /Users/thomascariot/Sites/codeigniter4/system/CodeIgniter.php(397): CodeIgniter\CodeIgniter->startController()
#6 /Users/thomascariot/Sites/codeigniter4/system/CodeIgniter.php(318): CodeIgniter\CodeIgniter->handleRequest(NULL, Object(Config\Cache), false)
#7 /Users/thomascariot/Sites/codeigniter4/public/index.php(37): CodeIgniter\CodeIgniter->run()
#8 /Users/thomascariot/Sites/codeigniter4/system/Commands/Server/rewrite.php(43): require_once('/Users/thomasca...')
#9 {main}
CRITICAL - 2022-01-15 04:43:40 --> strpos() expects parameter 1 to be string, object given
#0 [internal function]: CodeIgniter\Debug\Exceptions->errorHandler(2, 'strpos() expect...', '/Users/thomasca...', 728, Array)
#1 /Users/thomascariot/Sites/codeigniter4/system/Email/Email.php(728): strpos(Object(App\Models\Mail), ',')
#2 /Users/thomascariot/Sites/codeigniter4/system/Email/Email.php(541): CodeIgniter\Email\Email->stringToArray(Object(App\Models\Mail))
#3 /Users/thomascariot/Sites/codeigniter4/app/Models/Mail.php(14): CodeIgniter\Email\Email->setTo(Object(App\Models\Mail))
#4 /Users/thomascariot/Sites/codeigniter4/app/Controllers/Home.php(24): App\Models\Mail->sendMail(Object(App\Models\Mail), 'https://www.ori...')
#5 /Users/thomascariot/Sites/codeigniter4/system/CodeIgniter.php(824): App\Controllers\Home->index()
#6 /Users/thomascariot/Sites/codeigniter4/system/CodeIgniter.php(410): CodeIgniter\CodeIgniter->runController(Object(App\Controllers\Home))
#7 /Users/thomascariot/Sites/codeigniter4/system/CodeIgniter.php(318): CodeIgniter\CodeIgniter->handleRequest(NULL, Object(Config\Cache), false)
#8 /Users/thomascariot/Sites/codeigniter4/public/index.php(37): CodeIgniter\CodeIgniter->run()
#9 /Users/thomascariot/Sites/codeigniter4/system/Commands/Server/rewrite.php(43): require_once('/Users/thomasca...')
#10 {main}
CRITICAL - 2022-01-15 12:06:37 --> Array to string conversion
#0 /Users/thomascariot/Sites/codeigniter4/app/Views/error.php(12): CodeIgniter\Debug\Exceptions->errorHandler(8, 'Array to string...', '/Users/thomasca...', 12, Array)
#1 /Users/thomascariot/Sites/codeigniter4/system/View/View.php(214): include('/Users/thomasca...')
#2 /Users/thomascariot/Sites/codeigniter4/system/View/View.php(217): CodeIgniter\View\View->CodeIgniter\View\{closure}()
#3 /Users/thomascariot/Sites/codeigniter4/system/Common.php(1097): CodeIgniter\View\View->render('error', Array, true)
#4 /Users/thomascariot/Sites/codeigniter4/app/Controllers/Home.php(87): view('error', Array)
#5 /Users/thomascariot/Sites/codeigniter4/system/CodeIgniter.php(824): App\Controllers\Home->test2()
#6 /Users/thomascariot/Sites/codeigniter4/system/CodeIgniter.php(410): CodeIgniter\CodeIgniter->runController(Object(App\Controllers\Home))
#7 /Users/thomascariot/Sites/codeigniter4/system/CodeIgniter.php(318): CodeIgniter\CodeIgniter->handleRequest(NULL, Object(Config\Cache), false)
#8 /Users/thomascariot/Sites/codeigniter4/public/index.php(37): CodeIgniter\CodeIgniter->run()
#9 /Users/thomascariot/Sites/codeigniter4/system/Commands/Server/rewrite.php(43): require_once('/Users/thomasca...')
#10 {main}
CRITICAL - 2022-01-15 12:07:18 --> Object of class stdClass could not be converted to string
#0 /Users/thomascariot/Sites/codeigniter4/system/View/View.php(214): include()
#1 /Users/thomascariot/Sites/codeigniter4/system/View/View.php(217): CodeIgniter\View\View->CodeIgniter\View\{closure}()
#2 /Users/thomascariot/Sites/codeigniter4/system/Common.php(1097): CodeIgniter\View\View->render('error', Array, true)
#3 /Users/thomascariot/Sites/codeigniter4/app/Controllers/Home.php(87): view('error', Array)
#4 /Users/thomascariot/Sites/codeigniter4/system/CodeIgniter.php(824): App\Controllers\Home->test2()
#5 /Users/thomascariot/Sites/codeigniter4/system/CodeIgniter.php(410): CodeIgniter\CodeIgniter->runController(Object(App\Controllers\Home))
#6 /Users/thomascariot/Sites/codeigniter4/system/CodeIgniter.php(318): CodeIgniter\CodeIgniter->handleRequest(NULL, Object(Config\Cache), false)
#7 /Users/thomascariot/Sites/codeigniter4/public/index.php(37): CodeIgniter\CodeIgniter->run()
#8 /Users/thomascariot/Sites/codeigniter4/system/Commands/Server/rewrite.php(43): require_once('/Users/thomasca...')
#9 {main}
CRITICAL - 2022-01-15 12:22:08 --> Argument 1 passed to App\Models\Customer::insertUserData() must be of the type string, null given, called in /Users/thomascariot/Sites/codeigniter4/app/Controllers/Home.php on line 49
#0 /Users/thomascariot/Sites/codeigniter4/app/Controllers/Home.php(49): App\Models\Customer->insertUserData(NULL, NULL, NULL)
#1 /Users/thomascariot/Sites/codeigniter4/system/CodeIgniter.php(824): App\Controllers\Home->userdata()
#2 /Users/thomascariot/Sites/codeigniter4/system/CodeIgniter.php(410): CodeIgniter\CodeIgniter->runController(Object(App\Controllers\Home))
#3 /Users/thomascariot/Sites/codeigniter4/system/CodeIgniter.php(318): CodeIgniter\CodeIgniter->handleRequest(NULL, Object(Config\Cache), false)
#4 /Users/thomascariot/Sites/codeigniter4/public/index.php(37): CodeIgniter\CodeIgniter->run()
#5 /Users/thomascariot/Sites/codeigniter4/system/Commands/Server/rewrite.php(43): require_once('/Users/thomasca...')
#6 {main}
CRITICAL - 2022-01-15 12:24:39 --> Argument 1 passed to App\Models\Customer::insertUserData() must be of the type string, null given, called in /Users/thomascariot/Sites/codeigniter4/app/Controllers/Home.php on line 49
#0 /Users/thomascariot/Sites/codeigniter4/app/Controllers/Home.php(49): App\Models\Customer->insertUserData(NULL, NULL, NULL)
#1 /Users/thomascariot/Sites/codeigniter4/system/CodeIgniter.php(824): App\Controllers\Home->userdata()
#2 /Users/thomascariot/Sites/codeigniter4/system/CodeIgniter.php(410): CodeIgniter\CodeIgniter->runController(Object(App\Controllers\Home))
#3 /Users/thomascariot/Sites/codeigniter4/system/CodeIgniter.php(318): CodeIgniter\CodeIgniter->handleRequest(NULL, Object(Config\Cache), false)
#4 /Users/thomascariot/Sites/codeigniter4/public/index.php(37): CodeIgniter\CodeIgniter->run()
#5 /Users/thomascariot/Sites/codeigniter4/system/Commands/Server/rewrite.php(43): require_once('/Users/thomasca...')
#6 {main}
CRITICAL - 2022-01-15 13:20:05 --> syntax error, unexpected '}'
#0 /Users/thomascariot/Sites/codeigniter4/system/Autoloader/Autoloader.php(241): CodeIgniter\Autoloader\Autoloader->includeFile('/Users/thomasca...')
#1 /Users/thomascariot/Sites/codeigniter4/system/Autoloader/Autoloader.php(219): CodeIgniter\Autoloader\Autoloader->loadInNamespace('App\\Controllers...')
#2 [internal function]: CodeIgniter\Autoloader\Autoloader->loadClass('App\\Controllers...')
#3 [internal function]: spl_autoload_call('App\\Controllers...')
#4 /Users/thomascariot/Sites/codeigniter4/system/CodeIgniter.php(789): class_exists('\\App\\Controller...', true)
#5 /Users/thomascariot/Sites/codeigniter4/system/CodeIgniter.php(397): CodeIgniter\CodeIgniter->startController()
#6 /Users/thomascariot/Sites/codeigniter4/system/CodeIgniter.php(318): CodeIgniter\CodeIgniter->handleRequest(NULL, Object(Config\Cache), false)
#7 /Users/thomascariot/Sites/codeigniter4/public/index.php(37): CodeIgniter\CodeIgniter->run()
#8 /Users/thomascariot/Sites/codeigniter4/system/Commands/Server/rewrite.php(43): require_once('/Users/thomasca...')
#9 {main}
CRITICAL - 2022-01-15 13:20:34 --> Trying to access array offset on value of type null
#0 /Users/thomascariot/Sites/codeigniter4/app/Controllers/Home.php(102): CodeIgniter\Debug\Exceptions->errorHandler(8, 'Trying to acces...', '/Users/thomasca...', 102, Array)
#1 /Users/thomascariot/Sites/codeigniter4/system/CodeIgniter.php(824): App\Controllers\Home->test2()
#2 /Users/thomascariot/Sites/codeigniter4/system/CodeIgniter.php(410): CodeIgniter\CodeIgniter->runController(Object(App\Controllers\Home))
#3 /Users/thomascariot/Sites/codeigniter4/system/CodeIgniter.php(318): CodeIgniter\CodeIgniter->handleRequest(NULL, Object(Config\Cache), false)
#4 /Users/thomascariot/Sites/codeigniter4/public/index.php(37): CodeIgniter\CodeIgniter->run()
#5 /Users/thomascariot/Sites/codeigniter4/system/Commands/Server/rewrite.php(43): require_once('/Users/thomasca...')
#6 {main}
CRITICAL - 2022-01-15 13:23:35 --> Undefined property: stdClass::$id
#0 /Users/thomascariot/Sites/codeigniter4/app/Models/Customer.php(40): CodeIgniter\Debug\Exceptions->errorHandler(8, 'Undefined prope...', '/Users/thomasca...', 40, Array)
#1 /Users/thomascariot/Sites/codeigniter4/app/Controllers/Home.php(101): App\Models\Customer->isPathInserted('thomascariot@gm...')
#2 /Users/thomascariot/Sites/codeigniter4/system/CodeIgniter.php(824): App\Controllers\Home->test2()
#3 /Users/thomascariot/Sites/codeigniter4/system/CodeIgniter.php(410): CodeIgniter\CodeIgniter->runController(Object(App\Controllers\Home))
#4 /Users/thomascariot/Sites/codeigniter4/system/CodeIgniter.php(318): CodeIgniter\CodeIgniter->handleRequest(NULL, Object(Config\Cache), false)
#5 /Users/thomascariot/Sites/codeigniter4/public/index.php(37): CodeIgniter\CodeIgniter->run()
#6 /Users/thomascariot/Sites/codeigniter4/system/Commands/Server/rewrite.php(43): require_once('/Users/thomasca...')
#7 {main}
CRITICAL - 2022-01-15 13:24:06 --> Undefined property: stdClass::$id
#0 /Users/thomascariot/Sites/codeigniter4/app/Models/Customer.php(41): CodeIgniter\Debug\Exceptions->errorHandler(8, 'Undefined prope...', '/Users/thomasca...', 41, Array)
#1 /Users/thomascariot/Sites/codeigniter4/app/Controllers/Home.php(101): App\Models\Customer->isPathInserted('thomascariot@gm...')
#2 /Users/thomascariot/Sites/codeigniter4/system/CodeIgniter.php(824): App\Controllers\Home->test2()
#3 /Users/thomascariot/Sites/codeigniter4/system/CodeIgniter.php(410): CodeIgniter\CodeIgniter->runController(Object(App\Controllers\Home))
#4 /Users/thomascariot/Sites/codeigniter4/system/CodeIgniter.php(318): CodeIgniter\CodeIgniter->handleRequest(NULL, Object(Config\Cache), false)
#5 /Users/thomascariot/Sites/codeigniter4/public/index.php(37): CodeIgniter\CodeIgniter->run()
#6 /Users/thomascariot/Sites/codeigniter4/system/Commands/Server/rewrite.php(43): require_once('/Users/thomasca...')
#7 {main}
CRITICAL - 2022-01-15 13:24:07 --> Undefined property: stdClass::$id
#0 /Users/thomascariot/Sites/codeigniter4/app/Models/Customer.php(41): CodeIgniter\Debug\Exceptions->errorHandler(8, 'Undefined prope...', '/Users/thomasca...', 41, Array)
#1 /Users/thomascariot/Sites/codeigniter4/app/Controllers/Home.php(101): App\Models\Customer->isPathInserted('thomascariot@gm...')
#2 /Users/thomascariot/Sites/codeigniter4/system/CodeIgniter.php(824): App\Controllers\Home->test2()
#3 /Users/thomascariot/Sites/codeigniter4/system/CodeIgniter.php(410): CodeIgniter\CodeIgniter->runController(Object(App\Controllers\Home))
#4 /Users/thomascariot/Sites/codeigniter4/system/CodeIgniter.php(318): CodeIgniter\CodeIgniter->handleRequest(NULL, Object(Config\Cache), false)
#5 /Users/thomascariot/Sites/codeigniter4/public/index.php(37): CodeIgniter\CodeIgniter->run()
#6 /Users/thomascariot/Sites/codeigniter4/system/Commands/Server/rewrite.php(43): require_once('/Users/thomasca...')
#7 {main}
CRITICAL - 2022-01-15 13:24:08 --> Undefined property: stdClass::$id
#0 /Users/thomascariot/Sites/codeigniter4/app/Models/Customer.php(41): CodeIgniter\Debug\Exceptions->errorHandler(8, 'Undefined prope...', '/Users/thomasca...', 41, Array)
#1 /Users/thomascariot/Sites/codeigniter4/app/Controllers/Home.php(101): App\Models\Customer->isPathInserted('thomascariot@gm...')
#2 /Users/thomascariot/Sites/codeigniter4/system/CodeIgniter.php(824): App\Controllers\Home->test2()
#3 /Users/thomascariot/Sites/codeigniter4/system/CodeIgniter.php(410): CodeIgniter\CodeIgniter->runController(Object(App\Controllers\Home))
#4 /Users/thomascariot/Sites/codeigniter4/system/CodeIgniter.php(318): CodeIgniter\CodeIgniter->handleRequest(NULL, Object(Config\Cache), false)
#5 /Users/thomascariot/Sites/codeigniter4/public/index.php(37): CodeIgniter\CodeIgniter->run()
#6 /Users/thomascariot/Sites/codeigniter4/system/Commands/Server/rewrite.php(43): require_once('/Users/thomasca...')
#7 {main}
CRITICAL - 2022-01-15 14:19:43 --> syntax error, unexpected '}'
#0 /Users/thomascariot/Sites/codeigniter4/system/Autoloader/Autoloader.php(241): CodeIgniter\Autoloader\Autoloader->includeFile('/Users/thomasca...')
#1 /Users/thomascariot/Sites/codeigniter4/system/Autoloader/Autoloader.php(219): CodeIgniter\Autoloader\Autoloader->loadInNamespace('App\\Controllers...')
#2 [internal function]: CodeIgniter\Autoloader\Autoloader->loadClass('App\\Controllers...')
#3 [internal function]: spl_autoload_call('App\\Controllers...')
#4 /Users/thomascariot/Sites/codeigniter4/system/CodeIgniter.php(789): class_exists('\\App\\Controller...', true)
#5 /Users/thomascariot/Sites/codeigniter4/system/CodeIgniter.php(397): CodeIgniter\CodeIgniter->startController()
#6 /Users/thomascariot/Sites/codeigniter4/system/CodeIgniter.php(318): CodeIgniter\CodeIgniter->handleRequest(NULL, Object(Config\Cache), false)
#7 /Users/thomascariot/Sites/codeigniter4/public/index.php(37): CodeIgniter\CodeIgniter->run()
#8 /Users/thomascariot/Sites/codeigniter4/system/Commands/Server/rewrite.php(43): require_once('/Users/thomasca...')
#9 {main}
